<?xml version="1.0" encoding="UTF-8"?>
<testsuite xmlns:xsi="http://www.w3.org/2001/XMLSchema-instance" xsi:noNamespaceSchemaLocation="https://maven.apache.org/surefire/maven-surefire-plugin/xsd/surefire-test-report.xsd" name="com.updox.TestPrimeNumberGeneratorTest" time="0.013" tests="11" errors="0" skipped="0" failures="0">
  <properties>
[...]
</properties>
  <testcase name="IsPrimeBaseZeroTest" classname="com.updox.TestPrimeNumberGeneratorTest" time="0.001"/>
  <testcase name="GenerateNegativePrimeRangeTest" classname="com.updox.TestPrimeNumberGeneratorTest" time="0"/>
  <testcase name="IsPrimeBaseOneTest" classname="com.updox.TestPrimeNumberGeneratorTest" time="0.001"/>
  <testcase name="IsPrimeBaseTwoTest" classname="com.updox.TestPrimeNumberGeneratorTest" time="0.001"/>
  <testcase name="IsPrimeRange1Test" classname="com.updox.TestPrimeNumberGeneratorTest" time="0"/>
  <testcase name="IsPrimeRange2Test" classname="com.updox.TestPrimeNumberGeneratorTest" time="0"/>
  <testcase name="GenerateFirstTwentySixPrimeRangeTest" classname="com.updox.TestPrimeNumberGeneratorTest" time="0"/>
  <testcase name="GenerateZeroPrimeRangeTest" classname="com.updox.TestPrimeNumberGeneratorTest" time="0"/>
  <testcase name="IsPrimeBaseNegativeTest" classname="com.updox.TestPrimeNumberGeneratorTest" time="0.001"/>
  <testcase name="GenerateOnePrimeRangeTest" classname="com.updox.TestPrimeNumberGeneratorTest" time="0.001"/>
  <testcase name="GenerateTwoPrimeRangeTest" classname="com.updox.TestPrimeNumberGeneratorTest" time="0"/>
</testsuite>